<?xml version="1.0" encoding="UTF-8"?>
<!-- Generated by org.testng.reporters.JUnitReportReporter -->
<testsuite hostname="DESKTOP-S1H6N7E" failures="0" tests="1" name="com.demowebshop.automation.testscript.TestScript_EndtoEndScript" time="103.629" errors="0" timestamp="2023-05-04T20:46:43 IST" skipped="0">
  <testcase classname="com.demowebshop.automation.testscript.TestScript_EndtoEndScript" name="systemScript" time="103.629"/>
  <system-out/>
</testsuite> <!-- com.demowebshop.automation.testscript.TestScript_EndtoEndScript -->
